mode: set
github.com/miltonbernhardt/go-web/internal/users/repository.go:25.47,27.2 1 1
github.com/miltonbernhardt/go-web/internal/users/repository.go:29.64,30.15 1 1
github.com/miltonbernhardt/go-web/internal/users/repository.go:39.2,40.16 2 1
github.com/miltonbernhardt/go-web/internal/users/repository.go:44.2,44.19 1 1
github.com/miltonbernhardt/go-web/internal/users/repository.go:30.15,33.24 2 1
github.com/miltonbernhardt/go-web/internal/users/repository.go:33.24,36.4 2 0
github.com/miltonbernhardt/go-web/internal/users/repository.go:40.16,42.3 1 1
github.com/miltonbernhardt/go-web/internal/users/repository.go:47.51,49.16 2 0
github.com/miltonbernhardt/go-web/internal/users/repository.go:54.2,54.21 1 0
github.com/miltonbernhardt/go-web/internal/users/repository.go:58.2,58.36 1 0
github.com/miltonbernhardt/go-web/internal/users/repository.go:49.16,52.3 2 0
github.com/miltonbernhardt/go-web/internal/users/repository.go:54.21,56.3 1 0
github.com/miltonbernhardt/go-web/internal/users/repository.go:61.47,64.16 2 0
github.com/miltonbernhardt/go-web/internal/users/repository.go:68.2,70.23 2 0
github.com/miltonbernhardt/go-web/internal/users/repository.go:77.2,77.17 1 0
github.com/miltonbernhardt/go-web/internal/users/repository.go:87.2,87.12 1 0
github.com/miltonbernhardt/go-web/internal/users/repository.go:64.16,66.3 1 0
github.com/miltonbernhardt/go-web/internal/users/repository.go:70.23,71.24 1 0
github.com/miltonbernhardt/go-web/internal/users/repository.go:71.24,73.9 2 0
github.com/miltonbernhardt/go-web/internal/users/repository.go:77.17,79.3 1 0
github.com/miltonbernhardt/go-web/internal/users/repository.go:79.8,82.17 3 0
github.com/miltonbernhardt/go-web/internal/users/repository.go:82.17,84.4 1 0
github.com/miltonbernhardt/go-web/internal/users/repository.go:90.84,92.16 2 0
github.com/miltonbernhardt/go-web/internal/users/repository.go:96.2,98.23 2 0
github.com/miltonbernhardt/go-web/internal/users/repository.go:111.2,111.18 1 0
github.com/miltonbernhardt/go-web/internal/users/repository.go:115.2,116.16 2 0
github.com/miltonbernhardt/go-web/internal/users/repository.go:120.2,120.18 1 0
github.com/miltonbernhardt/go-web/internal/users/repository.go:92.16,94.3 1 0
github.com/miltonbernhardt/go-web/internal/users/repository.go:98.23,99.24 1 0
github.com/miltonbernhardt/go-web/internal/users/repository.go:99.24,107.9 8 0
github.com/miltonbernhardt/go-web/internal/users/repository.go:111.18,113.3 1 0
github.com/miltonbernhardt/go-web/internal/users/repository.go:116.16,118.3 1 0
github.com/miltonbernhardt/go-web/internal/users/repository.go:123.75,126.16 2 1
github.com/miltonbernhardt/go-web/internal/users/repository.go:130.2,133.23 3 1
github.com/miltonbernhardt/go-web/internal/users/repository.go:141.2,141.14 1 1
github.com/miltonbernhardt/go-web/internal/users/repository.go:144.2,144.42 1 1
github.com/miltonbernhardt/go-web/internal/users/repository.go:147.2,147.15 1 1
github.com/miltonbernhardt/go-web/internal/users/repository.go:126.16,128.3 1 0
github.com/miltonbernhardt/go-web/internal/users/repository.go:133.23,134.24 1 1
github.com/miltonbernhardt/go-web/internal/users/repository.go:134.24,138.4 3 1
github.com/miltonbernhardt/go-web/internal/users/repository.go:141.14,143.3 1 0
github.com/miltonbernhardt/go-web/internal/users/repository.go:144.42,146.3 1 0
github.com/miltonbernhardt/go-web/internal/users/repository.go:150.88,152.16 2 0
github.com/miltonbernhardt/go-web/internal/users/repository.go:156.2,158.23 2 0
github.com/miltonbernhardt/go-web/internal/users/repository.go:171.2,171.18 1 0
github.com/miltonbernhardt/go-web/internal/users/repository.go:175.2,176.16 2 0
github.com/miltonbernhardt/go-web/internal/users/repository.go:180.2,180.18 1 0
github.com/miltonbernhardt/go-web/internal/users/repository.go:152.16,154.3 1 0
github.com/miltonbernhardt/go-web/internal/users/repository.go:158.23,159.24 1 0
github.com/miltonbernhardt/go-web/internal/users/repository.go:159.24,160.16 1 0
github.com/miltonbernhardt/go-web/internal/users/repository.go:163.4,163.22 1 0
github.com/miltonbernhardt/go-web/internal/users/repository.go:166.4,167.9 2 0
github.com/miltonbernhardt/go-web/internal/users/repository.go:160.16,162.5 1 0
github.com/miltonbernhardt/go-web/internal/users/repository.go:163.22,165.5 1 0
github.com/miltonbernhardt/go-web/internal/users/repository.go:171.18,173.3 1 0
github.com/miltonbernhardt/go-web/internal/users/repository.go:176.16,178.3 1 0
github.com/miltonbernhardt/go-web/internal/users/repository.go:183.67,185.16 2 0
github.com/miltonbernhardt/go-web/internal/users/repository.go:189.2,192.16 3 0
github.com/miltonbernhardt/go-web/internal/users/repository.go:196.2,199.16 3 0
github.com/miltonbernhardt/go-web/internal/users/repository.go:203.2,203.18 1 0
github.com/miltonbernhardt/go-web/internal/users/repository.go:185.16,187.3 1 0
github.com/miltonbernhardt/go-web/internal/users/repository.go:192.16,194.3 1 0
github.com/miltonbernhardt/go-web/internal/users/repository.go:199.16,201.3 1 0
github.com/miltonbernhardt/go-web/internal/users/service.go:26.58,31.2 1 0
github.com/miltonbernhardt/go-web/internal/users/service.go:35.51,37.2 1 0
github.com/miltonbernhardt/go-web/internal/users/service.go:39.62,42.16 2 0
github.com/miltonbernhardt/go-web/internal/users/service.go:46.2,46.29 1 0
github.com/miltonbernhardt/go-web/internal/users/service.go:52.2,52.52 1 0
github.com/miltonbernhardt/go-web/internal/users/service.go:42.16,44.3 1 0
github.com/miltonbernhardt/go-web/internal/users/service.go:46.29,47.20 1 0
github.com/miltonbernhardt/go-web/internal/users/service.go:47.20,49.4 1 0
github.com/miltonbernhardt/go-web/internal/users/service.go:55.122,57.29 2 0
github.com/miltonbernhardt/go-web/internal/users/service.go:86.2,86.19 1 0
github.com/miltonbernhardt/go-web/internal/users/service.go:57.29,64.40 5 0
github.com/miltonbernhardt/go-web/internal/users/service.go:64.40,65.24 1 0
github.com/miltonbernhardt/go-web/internal/users/service.go:66.21,68.32 2 0
github.com/miltonbernhardt/go-web/internal/users/service.go:71.22,73.32 2 0
github.com/miltonbernhardt/go-web/internal/users/service.go:76.24,78.93 2 0
github.com/miltonbernhardt/go-web/internal/users/service.go:68.32,70.6 1 0
github.com/miltonbernhardt/go-web/internal/users/service.go:73.32,75.6 1 0
github.com/miltonbernhardt/go-web/internal/users/service.go:78.93,80.6 1 0
github.com/miltonbernhardt/go-web/internal/users/service.go:91.68,94.2 2 0
github.com/miltonbernhardt/go-web/internal/users/service.go:98.77,100.2 1 0
github.com/miltonbernhardt/go-web/internal/users/service.go:104.44,106.2 1 0
github.com/miltonbernhardt/go-web/internal/users/service.go:110.91,112.2 1 0
github.com/miltonbernhardt/go-web/cmd/server/handler/users.go:30.56,34.2 1 1
github.com/miltonbernhardt/go-web/cmd/server/handler/users.go:45.41,46.32 1 1
github.com/miltonbernhardt/go-web/cmd/server/handler/users.go:46.32,50.17 3 1
github.com/miltonbernhardt/go-web/cmd/server/handler/users.go:56.3,56.25 1 1
github.com/miltonbernhardt/go-web/cmd/server/handler/users.go:60.3,63.44 2 1
github.com/miltonbernhardt/go-web/cmd/server/handler/users.go:50.17,54.4 3 1
github.com/miltonbernhardt/go-web/cmd/server/handler/users.go:56.25,58.4 1 1
github.com/miltonbernhardt/go-web/cmd/server/handler/users.go:80.42,81.32 1 1
github.com/miltonbernhardt/go-web/cmd/server/handler/users.go:81.32,83.11 2 1
github.com/miltonbernhardt/go-web/cmd/server/handler/users.go:87.3,88.29 2 1
github.com/miltonbernhardt/go-web/cmd/server/handler/users.go:92.3,95.40 2 1
github.com/miltonbernhardt/go-web/cmd/server/handler/users.go:83.11,85.4 1 1
github.com/miltonbernhardt/go-web/cmd/server/handler/users.go:88.29,90.4 1 1
github.com/miltonbernhardt/go-web/cmd/server/handler/users.go:111.40,112.32 1 1
github.com/miltonbernhardt/go-web/cmd/server/handler/users.go:112.32,116.57 3 1
github.com/miltonbernhardt/go-web/cmd/server/handler/users.go:121.3,123.29 2 1
github.com/miltonbernhardt/go-web/cmd/server/handler/users.go:127.3,130.51 2 1
github.com/miltonbernhardt/go-web/cmd/server/handler/users.go:116.57,119.4 2 1
github.com/miltonbernhardt/go-web/cmd/server/handler/users.go:123.29,125.4 1 1
github.com/miltonbernhardt/go-web/cmd/server/handler/users.go:148.41,149.32 1 1
github.com/miltonbernhardt/go-web/cmd/server/handler/users.go:149.32,151.57 2 1
github.com/miltonbernhardt/go-web/cmd/server/handler/users.go:156.3,157.11 2 1
github.com/miltonbernhardt/go-web/cmd/server/handler/users.go:161.3,162.29 2 1
github.com/miltonbernhardt/go-web/cmd/server/handler/users.go:166.3,169.46 2 1
github.com/miltonbernhardt/go-web/cmd/server/handler/users.go:151.57,154.4 2 1
github.com/miltonbernhardt/go-web/cmd/server/handler/users.go:157.11,159.4 1 1
github.com/miltonbernhardt/go-web/cmd/server/handler/users.go:162.29,164.4 1 1
github.com/miltonbernhardt/go-web/cmd/server/handler/users.go:186.41,187.32 1 1
github.com/miltonbernhardt/go-web/cmd/server/handler/users.go:187.32,189.11 2 1
github.com/miltonbernhardt/go-web/cmd/server/handler/users.go:193.3,194.29 2 1
github.com/miltonbernhardt/go-web/cmd/server/handler/users.go:198.3,201.51 2 1
github.com/miltonbernhardt/go-web/cmd/server/handler/users.go:189.11,191.4 1 1
github.com/miltonbernhardt/go-web/cmd/server/handler/users.go:194.29,196.4 1 1
github.com/miltonbernhardt/go-web/cmd/server/handler/users.go:220.47,226.32 2 1
github.com/miltonbernhardt/go-web/cmd/server/handler/users.go:226.32,230.11 3 1
github.com/miltonbernhardt/go-web/cmd/server/handler/users.go:234.3,236.63 3 1
github.com/miltonbernhardt/go-web/cmd/server/handler/users.go:242.3,244.29 2 1
github.com/miltonbernhardt/go-web/cmd/server/handler/users.go:248.3,251.40 2 1
github.com/miltonbernhardt/go-web/cmd/server/handler/users.go:230.11,232.4 1 1
github.com/miltonbernhardt/go-web/cmd/server/handler/users.go:236.63,240.4 3 1
github.com/miltonbernhardt/go-web/cmd/server/handler/users.go:244.29,246.4 1 1
github.com/miltonbernhardt/go-web/cmd/server/handler/users.go:255.62,257.16 2 1
github.com/miltonbernhardt/go-web/cmd/server/handler/users.go:262.2,262.18 1 1
github.com/miltonbernhardt/go-web/cmd/server/handler/users.go:257.16,261.3 3 1
github.com/miltonbernhardt/go-web/cmd/server/handler/users.go:265.48,266.113 1 1
github.com/miltonbernhardt/go-web/cmd/server/handler/users.go:273.2,273.12 1 1
github.com/miltonbernhardt/go-web/cmd/server/handler/users.go:266.113,271.3 4 1
github.com/miltonbernhardt/go-web/cmd/server/handler/users.go:276.75,279.16 2 1
github.com/miltonbernhardt/go-web/cmd/server/handler/users.go:284.2,284.58 1 1
github.com/miltonbernhardt/go-web/cmd/server/handler/users.go:288.2,288.55 1 1
github.com/miltonbernhardt/go-web/cmd/server/handler/users.go:292.2,292.46 1 1
github.com/miltonbernhardt/go-web/cmd/server/handler/users.go:296.2,296.65 1 1
github.com/miltonbernhardt/go-web/cmd/server/handler/users.go:300.2,300.61 1 1
github.com/miltonbernhardt/go-web/cmd/server/handler/users.go:306.2,306.52 1 1
github.com/miltonbernhardt/go-web/cmd/server/handler/users.go:312.2,312.61 1 1
github.com/miltonbernhardt/go-web/cmd/server/handler/users.go:317.2,317.24 1 1
github.com/miltonbernhardt/go-web/cmd/server/handler/users.go:279.16,282.3 2 1
github.com/miltonbernhardt/go-web/cmd/server/handler/users.go:284.58,286.3 1 1
github.com/miltonbernhardt/go-web/cmd/server/handler/users.go:288.55,290.3 1 1
github.com/miltonbernhardt/go-web/cmd/server/handler/users.go:292.46,294.3 1 1
github.com/miltonbernhardt/go-web/cmd/server/handler/users.go:296.65,298.3 1 1
github.com/miltonbernhardt/go-web/cmd/server/handler/users.go:300.61,301.67 1 1
github.com/miltonbernhardt/go-web/cmd/server/handler/users.go:301.67,303.4 1 1
github.com/miltonbernhardt/go-web/cmd/server/handler/users.go:306.52,307.54 1 1
github.com/miltonbernhardt/go-web/cmd/server/handler/users.go:307.54,309.4 1 1
github.com/miltonbernhardt/go-web/cmd/server/handler/users.go:312.61,313.60 1 1
github.com/miltonbernhardt/go-web/cmd/server/handler/users.go:313.60,315.4 1 1
github.com/miltonbernhardt/go-web/cmd/server/handler/users.go:320.61,321.16 1 1
github.com/miltonbernhardt/go-web/cmd/server/handler/users.go:332.2,332.14 1 1
github.com/miltonbernhardt/go-web/cmd/server/handler/users.go:321.16,322.38 1 1
github.com/miltonbernhardt/go-web/cmd/server/handler/users.go:322.38,326.4 3 1
github.com/miltonbernhardt/go-web/cmd/server/handler/users.go:326.9,330.4 3 1
