mode: set
github.com/miltonbernhardt/go-web/internal/users/repository.go:24.47,26.2 1 1
github.com/miltonbernhardt/go-web/internal/users/repository.go:28.54,32.16 3 1
github.com/miltonbernhardt/go-web/internal/users/repository.go:36.2,36.19 1 1
github.com/miltonbernhardt/go-web/internal/users/repository.go:32.16,34.3 1 1
github.com/miltonbernhardt/go-web/internal/users/repository.go:39.51,43.16 3 0
github.com/miltonbernhardt/go-web/internal/users/repository.go:47.2,47.21 1 0
github.com/miltonbernhardt/go-web/internal/users/repository.go:51.2,51.36 1 0
github.com/miltonbernhardt/go-web/internal/users/repository.go:43.16,45.3 1 0
github.com/miltonbernhardt/go-web/internal/users/repository.go:47.21,49.3 1 0
github.com/miltonbernhardt/go-web/internal/users/repository.go:54.47,58.16 3 0
github.com/miltonbernhardt/go-web/internal/users/repository.go:62.2,64.23 2 0
github.com/miltonbernhardt/go-web/internal/users/repository.go:71.2,71.17 1 0
github.com/miltonbernhardt/go-web/internal/users/repository.go:81.2,81.12 1 0
github.com/miltonbernhardt/go-web/internal/users/repository.go:58.16,60.3 1 0
github.com/miltonbernhardt/go-web/internal/users/repository.go:64.23,65.24 1 0
github.com/miltonbernhardt/go-web/internal/users/repository.go:65.24,67.9 2 0
github.com/miltonbernhardt/go-web/internal/users/repository.go:71.17,73.3 1 0
github.com/miltonbernhardt/go-web/internal/users/repository.go:73.8,76.17 3 0
github.com/miltonbernhardt/go-web/internal/users/repository.go:76.17,78.4 1 0
github.com/miltonbernhardt/go-web/internal/users/repository.go:84.84,88.16 3 0
github.com/miltonbernhardt/go-web/internal/users/repository.go:92.2,94.23 2 0
github.com/miltonbernhardt/go-web/internal/users/repository.go:107.2,107.18 1 0
github.com/miltonbernhardt/go-web/internal/users/repository.go:111.2,112.16 2 0
github.com/miltonbernhardt/go-web/internal/users/repository.go:116.2,116.18 1 0
github.com/miltonbernhardt/go-web/internal/users/repository.go:88.16,90.3 1 0
github.com/miltonbernhardt/go-web/internal/users/repository.go:94.23,95.24 1 0
github.com/miltonbernhardt/go-web/internal/users/repository.go:95.24,103.9 8 0
github.com/miltonbernhardt/go-web/internal/users/repository.go:107.18,109.3 1 0
github.com/miltonbernhardt/go-web/internal/users/repository.go:112.16,114.3 1 0
github.com/miltonbernhardt/go-web/internal/users/repository.go:119.75,122.39 2 1
github.com/miltonbernhardt/go-web/internal/users/repository.go:126.2,129.20 3 1
github.com/miltonbernhardt/go-web/internal/users/repository.go:137.2,137.14 1 1
github.com/miltonbernhardt/go-web/internal/users/repository.go:140.2,140.39 1 1
github.com/miltonbernhardt/go-web/internal/users/repository.go:143.2,143.15 1 1
github.com/miltonbernhardt/go-web/internal/users/repository.go:122.39,124.3 1 0
github.com/miltonbernhardt/go-web/internal/users/repository.go:129.20,130.21 1 1
github.com/miltonbernhardt/go-web/internal/users/repository.go:130.21,134.4 3 1
github.com/miltonbernhardt/go-web/internal/users/repository.go:137.14,139.3 1 0
github.com/miltonbernhardt/go-web/internal/users/repository.go:140.39,142.3 1 0
github.com/miltonbernhardt/go-web/internal/users/repository.go:146.88,150.16 3 0
github.com/miltonbernhardt/go-web/internal/users/repository.go:154.2,156.23 2 0
github.com/miltonbernhardt/go-web/internal/users/repository.go:169.2,169.18 1 0
github.com/miltonbernhardt/go-web/internal/users/repository.go:173.2,174.16 2 0
github.com/miltonbernhardt/go-web/internal/users/repository.go:178.2,178.18 1 0
github.com/miltonbernhardt/go-web/internal/users/repository.go:150.16,152.3 1 0
github.com/miltonbernhardt/go-web/internal/users/repository.go:156.23,157.24 1 0
github.com/miltonbernhardt/go-web/internal/users/repository.go:157.24,158.16 1 0
github.com/miltonbernhardt/go-web/internal/users/repository.go:161.4,161.22 1 0
github.com/miltonbernhardt/go-web/internal/users/repository.go:164.4,165.9 2 0
github.com/miltonbernhardt/go-web/internal/users/repository.go:158.16,160.5 1 0
github.com/miltonbernhardt/go-web/internal/users/repository.go:161.22,163.5 1 0
github.com/miltonbernhardt/go-web/internal/users/repository.go:169.18,171.3 1 0
github.com/miltonbernhardt/go-web/internal/users/repository.go:174.16,176.3 1 0
github.com/miltonbernhardt/go-web/internal/users/repository.go:181.67,185.16 3 0
github.com/miltonbernhardt/go-web/internal/users/repository.go:189.2,192.16 3 0
github.com/miltonbernhardt/go-web/internal/users/repository.go:196.2,199.16 3 0
github.com/miltonbernhardt/go-web/internal/users/repository.go:203.2,203.18 1 0
github.com/miltonbernhardt/go-web/internal/users/repository.go:185.16,187.3 1 0
github.com/miltonbernhardt/go-web/internal/users/repository.go:192.16,194.3 1 0
github.com/miltonbernhardt/go-web/internal/users/repository.go:199.16,201.3 1 0
github.com/miltonbernhardt/go-web/internal/users/service.go:26.58,31.2 1 0
github.com/miltonbernhardt/go-web/internal/users/service.go:35.58,37.2 1 0
github.com/miltonbernhardt/go-web/internal/users/service.go:39.62,42.16 2 0
github.com/miltonbernhardt/go-web/internal/users/service.go:46.2,46.29 1 0
github.com/miltonbernhardt/go-web/internal/users/service.go:52.2,52.52 1 0
github.com/miltonbernhardt/go-web/internal/users/service.go:42.16,44.3 1 0
github.com/miltonbernhardt/go-web/internal/users/service.go:46.29,47.20 1 0
github.com/miltonbernhardt/go-web/internal/users/service.go:47.20,49.4 1 0
github.com/miltonbernhardt/go-web/internal/users/service.go:55.122,57.29 2 0
github.com/miltonbernhardt/go-web/internal/users/service.go:86.2,86.19 1 0
github.com/miltonbernhardt/go-web/internal/users/service.go:57.29,64.40 5 0
github.com/miltonbernhardt/go-web/internal/users/service.go:64.40,65.24 1 0
github.com/miltonbernhardt/go-web/internal/users/service.go:66.21,68.32 2 0
github.com/miltonbernhardt/go-web/internal/users/service.go:71.22,73.32 2 0
github.com/miltonbernhardt/go-web/internal/users/service.go:76.24,78.93 2 0
github.com/miltonbernhardt/go-web/internal/users/service.go:68.32,70.6 1 0
github.com/miltonbernhardt/go-web/internal/users/service.go:73.32,75.6 1 0
github.com/miltonbernhardt/go-web/internal/users/service.go:78.93,80.6 1 0
github.com/miltonbernhardt/go-web/internal/users/service.go:91.68,94.2 2 0
github.com/miltonbernhardt/go-web/internal/users/service.go:98.77,100.2 1 0
github.com/miltonbernhardt/go-web/internal/users/service.go:104.44,106.2 1 0
github.com/miltonbernhardt/go-web/internal/users/service.go:110.91,112.2 1 0
github.com/miltonbernhardt/go-web/cmd/server/handler/users.go:30.56,34.2 1 1
github.com/miltonbernhardt/go-web/cmd/server/handler/users.go:45.41,48.16 2 1
github.com/miltonbernhardt/go-web/cmd/server/handler/users.go:54.2,54.24 1 1
github.com/miltonbernhardt/go-web/cmd/server/handler/users.go:58.2,58.43 1 1
github.com/miltonbernhardt/go-web/cmd/server/handler/users.go:48.16,52.3 3 0
github.com/miltonbernhardt/go-web/cmd/server/handler/users.go:54.24,56.3 1 0
github.com/miltonbernhardt/go-web/cmd/server/handler/users.go:74.42,76.10 2 0
github.com/miltonbernhardt/go-web/cmd/server/handler/users.go:80.2,81.28 2 0
github.com/miltonbernhardt/go-web/cmd/server/handler/users.go:85.2,85.39 1 0
github.com/miltonbernhardt/go-web/cmd/server/handler/users.go:76.10,78.3 1 0
github.com/miltonbernhardt/go-web/cmd/server/handler/users.go:81.28,83.3 1 0
github.com/miltonbernhardt/go-web/cmd/server/handler/users.go:100.40,103.56 2 1
github.com/miltonbernhardt/go-web/cmd/server/handler/users.go:108.2,110.28 2 1
github.com/miltonbernhardt/go-web/cmd/server/handler/users.go:114.2,114.50 1 1
github.com/miltonbernhardt/go-web/cmd/server/handler/users.go:103.56,106.3 2 0
github.com/miltonbernhardt/go-web/cmd/server/handler/users.go:110.28,112.3 1 0
github.com/miltonbernhardt/go-web/cmd/server/handler/users.go:131.41,132.32 1 0
github.com/miltonbernhardt/go-web/cmd/server/handler/users.go:132.32,134.57 2 0
github.com/miltonbernhardt/go-web/cmd/server/handler/users.go:139.3,140.11 2 0
github.com/miltonbernhardt/go-web/cmd/server/handler/users.go:144.3,145.29 2 0
github.com/miltonbernhardt/go-web/cmd/server/handler/users.go:149.3,149.46 1 0
github.com/miltonbernhardt/go-web/cmd/server/handler/users.go:134.57,137.4 2 0
github.com/miltonbernhardt/go-web/cmd/server/handler/users.go:140.11,142.4 1 0
github.com/miltonbernhardt/go-web/cmd/server/handler/users.go:145.29,147.4 1 0
github.com/miltonbernhardt/go-web/cmd/server/handler/users.go:166.41,167.32 1 0
github.com/miltonbernhardt/go-web/cmd/server/handler/users.go:167.32,169.11 2 0
github.com/miltonbernhardt/go-web/cmd/server/handler/users.go:173.3,174.29 2 0
github.com/miltonbernhardt/go-web/cmd/server/handler/users.go:178.3,178.51 1 0
github.com/miltonbernhardt/go-web/cmd/server/handler/users.go:169.11,171.4 1 0
github.com/miltonbernhardt/go-web/cmd/server/handler/users.go:174.29,176.4 1 0
github.com/miltonbernhardt/go-web/cmd/server/handler/users.go:197.47,203.32 2 0
github.com/miltonbernhardt/go-web/cmd/server/handler/users.go:203.32,207.11 3 0
github.com/miltonbernhardt/go-web/cmd/server/handler/users.go:211.3,213.63 3 0
github.com/miltonbernhardt/go-web/cmd/server/handler/users.go:218.3,220.29 2 0
github.com/miltonbernhardt/go-web/cmd/server/handler/users.go:224.3,224.40 1 0
github.com/miltonbernhardt/go-web/cmd/server/handler/users.go:207.11,209.4 1 0
github.com/miltonbernhardt/go-web/cmd/server/handler/users.go:213.63,216.4 2 0
github.com/miltonbernhardt/go-web/cmd/server/handler/users.go:220.29,222.4 1 0
github.com/miltonbernhardt/go-web/cmd/server/handler/users.go:228.62,230.16 2 0
github.com/miltonbernhardt/go-web/cmd/server/handler/users.go:234.2,234.18 1 0
github.com/miltonbernhardt/go-web/cmd/server/handler/users.go:230.16,233.3 2 0
github.com/miltonbernhardt/go-web/cmd/server/handler/users.go:237.48,238.113 1 0
github.com/miltonbernhardt/go-web/cmd/server/handler/users.go:244.2,244.12 1 0
github.com/miltonbernhardt/go-web/cmd/server/handler/users.go:238.113,242.3 3 0
github.com/miltonbernhardt/go-web/cmd/server/handler/users.go:247.75,250.16 2 1
github.com/miltonbernhardt/go-web/cmd/server/handler/users.go:254.2,254.58 1 1
github.com/miltonbernhardt/go-web/cmd/server/handler/users.go:258.2,258.55 1 1
github.com/miltonbernhardt/go-web/cmd/server/handler/users.go:262.2,262.46 1 1
github.com/miltonbernhardt/go-web/cmd/server/handler/users.go:266.2,266.65 1 1
github.com/miltonbernhardt/go-web/cmd/server/handler/users.go:270.2,270.61 1 1
github.com/miltonbernhardt/go-web/cmd/server/handler/users.go:276.2,276.52 1 1
github.com/miltonbernhardt/go-web/cmd/server/handler/users.go:282.2,282.61 1 1
github.com/miltonbernhardt/go-web/cmd/server/handler/users.go:287.2,287.24 1 1
github.com/miltonbernhardt/go-web/cmd/server/handler/users.go:250.16,252.3 1 0
github.com/miltonbernhardt/go-web/cmd/server/handler/users.go:254.58,256.3 1 0
github.com/miltonbernhardt/go-web/cmd/server/handler/users.go:258.55,260.3 1 0
github.com/miltonbernhardt/go-web/cmd/server/handler/users.go:262.46,264.3 1 0
github.com/miltonbernhardt/go-web/cmd/server/handler/users.go:266.65,268.3 1 0
github.com/miltonbernhardt/go-web/cmd/server/handler/users.go:270.61,271.67 1 0
github.com/miltonbernhardt/go-web/cmd/server/handler/users.go:271.67,273.4 1 0
github.com/miltonbernhardt/go-web/cmd/server/handler/users.go:276.52,277.66 1 0
github.com/miltonbernhardt/go-web/cmd/server/handler/users.go:277.66,279.4 1 0
github.com/miltonbernhardt/go-web/cmd/server/handler/users.go:282.61,283.72 1 0
github.com/miltonbernhardt/go-web/cmd/server/handler/users.go:283.72,285.4 1 0
github.com/miltonbernhardt/go-web/cmd/server/handler/users.go:290.61,291.16 1 1
github.com/miltonbernhardt/go-web/cmd/server/handler/users.go:301.2,301.14 1 1
github.com/miltonbernhardt/go-web/cmd/server/handler/users.go:291.16,292.38 1 0
github.com/miltonbernhardt/go-web/cmd/server/handler/users.go:292.38,295.4 2 0
github.com/miltonbernhardt/go-web/cmd/server/handler/users.go:295.9,299.4 3 0
